<?xml version="1.0" encoding="UTF-8"?>
<!-- Generated by org.testng.reporters.JUnitXMLReporter -->
<testsuite ignored="0" hostname="LAPTOP-6A9M7PLR" failures="2" tests="3" name="Default test" time="18.304" errors="0" timestamp="2024-07-12T17:11:06 IST">
  <testcase classname="io.cucumber.testng.AbstractTestNGCucumberTests" name="runScenario" time="14.055">
    <failure type="java.lang.NullPointerException" message="Cannot invoke &amp;quot;pageObjects.CheckoutPage.CheckoutItems()&amp;quot; because &amp;quot;this.checkoutPage&amp;quot; is null">
      <![CDATA[java.lang.NullPointerException: Cannot invoke "pageObjects.CheckoutPage.CheckoutItems()" because "this.checkoutPage" is null
at stepDefinitions.CheckoutPageStepDefination.user_proceeds_to_checkout(CheckoutPageStepDefination.java:39)
at ✽.User proceeds to Checkout and validate the Tom items in checkout page(file:///C:/Users/JAYSHREE/eclipse-workspace/CucumberFrameworkProject/src/test/java/features/Checkout.feature:9)
]]>
    </failure>
  </testcase> <!-- runScenario -->
  <testcase classname="io.cucumber.testng.AbstractTestNGCucumberTests" name="runScenario" time="15.734"/>
  <testcase classname="io.cucumber.testng.AbstractTestNGCucumberTests" name="runScenario" time="15.948">
    <failure type="java.lang.AssertionError" message="expected [No data] but found [Beetroot]">
      <![CDATA[java.lang.AssertionError: expected [No data] but found [Beetroot]
at org.testng.Assert.fail(Assert.java:111)
at org.testng.Assert.failNotEquals(Assert.java:1578)
at org.testng.Assert.assertEqualsImpl(Assert.java:150)
at org.testng.Assert.assertEquals(Assert.java:132)
at org.testng.Assert.assertEquals(Assert.java:656)
at org.testng.Assert.assertEquals(Assert.java:666)
at stepDefinitions.OfferPageStepDefination.validate_product_name_in_Offers_page(OfferPageStepDefination.java:50)
at ✽.validate product name in offers page matches with Landing Page(file:///C:/Users/JAYSHREE/eclipse-workspace/CucumberFrameworkProject/src/test/java/features/searchProduct.feature:8)
]]>
    </failure>
  </testcase> <!-- runScenario -->
</testsuite> <!-- Default test -->
