<?xml version="1.0" encoding="UTF-8"?>
<testng-results ignored="0" total="1" passed="0" failed="1" skipped="0">
  <reporter-output>
  </reporter-output>
  <suite started-at="2024-07-12T18:06:58 IST" name="Default suite" finished-at="2024-07-12T18:07:11 IST" duration-ms="12208">
    <groups>
      <group name="cucumber">
        <method signature="AbstractTestNGCucumberTests.runScenario(io.cucumber.testng.PickleWrapper,io.cucumber.testng.FeatureWrapper)[pri:0, instance:cucumberOptions.TestNGTestRunner@5e7cd6cc]" name="runScenario" class="io.cucumber.testng.AbstractTestNGCucumberTests"/>
      </group> <!-- cucumber -->
    </groups>
    <test started-at="2024-07-12T18:06:58 IST" name="Default test" finished-at="2024-07-12T18:07:11 IST" duration-ms="12208">
      <class name="cucumberOptions.TestNGTestRunner">
        <test-method is-config="true" signature="setUpClass(org.testng.ITestContext)[pri:0, instance:cucumberOptions.TestNGTestRunner@5e7cd6cc]" started-at="2024-07-12T18:06:59 IST" name="setUpClass" finished-at="2024-07-12T18:07:00 IST" duration-ms="1136" status="PASS">
          <params>
            <param index="0">
              <value>
                <![CDATA[org.testng.TestRunner@e8fadb0]]>
              </value>
            </param>
          </params>
          <reporter-output>
          </reporter-output>
        </test-method> <!-- setUpClass -->
        <test-method signature="runScenario(io.cucumber.testng.PickleWrapper,io.cucumber.testng.FeatureWrapper)[pri:0, instance:cucumberOptions.TestNGTestRunner@5e7cd6cc]" started-at="2024-07-12T18:07:00 IST" name="runScenario" description="Runs Cucumber Scenarios" data-provider="scenarios" finished-at="2024-07-12T18:07:11 IST" duration-ms="10837" status="FAIL">
          <params>
            <param index="0">
              <value>
                <![CDATA["Search Experience for product search in both home and offers page"]]>
              </value>
            </param>
            <param index="1">
              <value>
                <![CDATA["Search and place the order for products"]]>
              </value>
            </param>
          </params>
          <exception class="java.lang.IllegalArgumentException">
            <message>
              <![CDATA[Input must be set]]>
            </message>
            <full-stacktrace>
              <![CDATA[java.lang.IllegalArgumentException: Input must be set
at org.openqa.selenium.internal.Require.nonNull(Require.java:60)
at org.openqa.selenium.support.ui.FluentWait.<init>(FluentWait.java:92)
at org.openqa.selenium.support.ui.WebDriverWait.<init>(WebDriverWait.java:74)
at org.openqa.selenium.support.ui.WebDriverWait.<init>(WebDriverWait.java:43)
at pageObject.CheckoutPage.<init>(CheckoutPage.java:21)
at pageObject.PageObjectManager.getCheckoutPage(PageObjectManager.java:32)
at stepDefinition.CheckOutPageStepDefinition.<init>(CheckOutPageStepDefinition.java:24)
at java.base/jdk.internal.reflect.NativeConstructorAccessorImpl.newInstance0(Native Method)
at java.base/jdk.internal.reflect.NativeConstructorAccessorImpl.newInstance(NativeConstructorAccessorImpl.java:77)
at java.base/jdk.internal.reflect.DelegatingConstructorAccessorImpl.newInstance(DelegatingConstructorAccessorImpl.java:45)
at java.base/java.lang.reflect.Constructor.newInstanceWithCaller(Constructor.java:499)
at java.base/java.lang.reflect.Constructor.newInstance(Constructor.java:480)
at org.picocontainer.injectors.AbstractInjector.newInstance(AbstractInjector.java:145)
at org.picocontainer.injectors.ConstructorInjector$1.run(ConstructorInjector.java:342)
at org.picocontainer.injectors.AbstractInjector$ThreadLocalCyclicDependencyGuard.observe(AbstractInjector.java:270)
at org.picocontainer.injectors.ConstructorInjector.getComponentInstance(ConstructorInjector.java:364)
at org.picocontainer.injectors.AbstractInjectionFactory$LifecycleAdapter.getComponentInstance(AbstractInjectionFactory.java:56)
at org.picocontainer.behaviors.AbstractBehavior.getComponentInstance(AbstractBehavior.java:64)
at org.picocontainer.behaviors.Stored.getComponentInstance(Stored.java:91)
at org.picocontainer.DefaultPicoContainer.getInstance(DefaultPicoContainer.java:699)
at org.picocontainer.DefaultPicoContainer.getComponent(DefaultPicoContainer.java:647)
at org.picocontainer.DefaultPicoContainer.getComponent(DefaultPicoContainer.java:678)
at io.cucumber.picocontainer.PicoFactory.getInstance(PicoFactory.java:64)
at io.cucumber.java.AbstractGlueDefinition.invokeMethod(AbstractGlueDefinition.java:47)
at io.cucumber.java.JavaStepDefinition.execute(JavaStepDefinition.java:29)
at io.cucumber.core.runner.CoreStepDefinition.execute(CoreStepDefinition.java:66)
at io.cucumber.core.runner.PickleStepDefinitionMatch.runStep(PickleStepDefinitionMatch.java:63)
at io.cucumber.core.runner.ExecutionMode$1.execute(ExecutionMode.java:10)
at io.cucumber.core.runner.TestStep.executeStep(TestStep.java:81)
at io.cucumber.core.runner.TestStep.run(TestStep.java:53)
at io.cucumber.core.runner.PickleStepTestStep.run(PickleStepTestStep.java:51)
at io.cucumber.core.runner.TestCase.run(TestCase.java:84)
at io.cucumber.core.runner.Runner.runPickle(Runner.java:75)
at io.cucumber.testng.TestNGCucumberRunner.lambda$runScenario$1(TestNGCucumberRunner.java:132)
at io.cucumber.core.runtime.CucumberExecutionContext.lambda$runTestCase$5(CucumberExecutionContext.java:136)
at io.cucumber.core.runtime.RethrowingThrowableCollector.executeAndThrow(RethrowingThrowableCollector.java:23)
at io.cucumber.core.runtime.CucumberExecutionContext.runTestCase(CucumberExecutionContext.java:136)
at io.cucumber.testng.TestNGCucumberRunner.runScenario(TestNGCucumberRunner.java:129)
at io.cucumber.testng.AbstractTestNGCucumberTests.runScenario(AbstractTestNGCucumberTests.java:35)
at java.base/jdk.internal.reflect.NativeMethodAccessorImpl.invoke0(Native Method)
at java.base/jdk.internal.reflect.NativeMethodAccessorImpl.invoke(NativeMethodAccessorImpl.java:77)
at java.base/jdk.internal.reflect.DelegatingMethodAccessorImpl.invoke(DelegatingMethodAccessorImpl.java:43)
at java.base/java.lang.reflect.Method.invoke(Method.java:568)
at org.testng.internal.invokers.MethodInvocationHelper.invokeMethod(MethodInvocationHelper.java:141)
at org.testng.internal.invokers.TestInvoker.invokeMethod(TestInvoker.java:686)
at org.testng.internal.invokers.TestInvoker.invokeTestMethod(TestInvoker.java:230)
at org.testng.internal.invokers.TestMethodWithDataProviderMethodWorker.call(TestMethodWithDataProviderMethodWorker.java:81)
at org.testng.internal.thread.Async$AsyncTask.run(Async.java:34)
at java.base/java.util.concurrent.ThreadPoolExecutor.runWorker(ThreadPoolExecutor.java:1136)
at java.base/java.util.concurrent.ThreadPoolExecutor$Worker.run(ThreadPoolExecutor.java:635)
at java.base/java.lang.Thread.run(Thread.java:840)
]]>
            </full-stacktrace>
          </exception> <!-- java.lang.IllegalArgumentException -->
          <reporter-output>
          </reporter-output>
        </test-method> <!-- runScenario -->
        <test-method is-config="true" signature="tearDownClass()[pri:0, instance:cucumberOptions.TestNGTestRunner@5e7cd6cc]" started-at="2024-07-12T18:07:11 IST" name="tearDownClass" finished-at="2024-07-12T18:07:11 IST" duration-ms="135" status="PASS">
          <reporter-output>
          </reporter-output>
        </test-method> <!-- tearDownClass -->
      </class> <!-- cucumberOptions.TestNGTestRunner -->
    </test> <!-- Default test -->
  </suite> <!-- Default suite -->
</testng-results>
